<?xml version="1.0" encoding="UTF-8"?>
<!-- Generated by org.testng.reporters.JUnitReportReporter -->
<testsuite hostname="KGISL075" failures="0" tests="4" name="kgisl.Tests.MainTest" time="59.356" errors="0" timestamp="2023-03-10T17:45:35 IST" skipped="0">
  <testcase classname="kgisl.Tests.MainTest" name="mainTest" time="11.760"/>
  <system-out/>
  <testcase classname="kgisl.Tests.MainTest" name="orderhistoryTest" time="12.442"/>
  <system-out/>
  <testcase classname="kgisl.Tests.MainTest" name="orderhistoryTest" time="17.243"/>
  <system-out/>
  <testcase classname="kgisl.Tests.MainTest" name="mainTest" time="17.911"/>
  <system-out/>
</testsuite> <!-- kgisl.Tests.MainTest -->
